Arguments: 
  /usr/local/bin/node /usr/local/bin/yarn set version berry

PATH: 
  /bin:/usr/bin:/usr/local/bin

Yarn version: 
  1.22.19

Node version: 
  20.19.1

Platform: 
  linux x64

Trace: 
  Error: https://github.com/yarnpkg/berry/raw/master/packages/yarnpkg-cli/bin/yarn.js: socket hang up
      at TLSSocket.socketOnEnd (https://zp1v56uxy8rdx5ypatb0ockcb9tr6a-oci3.w-credentialless-staticblitz.com/builtins.97a3df4f.js:3:5909)
      at TLSSocket.emit (https://zp1v56uxy8rdx5ypatb0ockcb9tr6a-oci3.w-credentialless-staticblitz.com/builtins.97a3df4f.js:30:11150)
      at endReadableNT (https://zp1v56uxy8rdx5ypatb0ockcb9tr6a-oci3.w-credentialless-staticblitz.com/builtins.97a3df4f.js:230:10631)
      at processTicksAndRejections (https://zp1v56uxy8rdx5ypatb0ockcb9tr6a-oci3.w-credentialless-staticblitz.com/builtins.97a3df4f.js:196:1067)
      at https://zp1v56uxy8rdx5ypatb0ockcb9tr6a-oci3.w-credentialless-staticblitz.com/blitz.6ba59070.js:31:296091
      at _0x1f50ad (https://zp1v56uxy8rdx5ypatb0ockcb9tr6a-oci3.w-credentialless-staticblitz.com/blitz.6ba59070.js:31:296172)
      at _0x28c97c (https://zp1v56uxy8rdx5ypatb0ockcb9tr6a-oci3.w-credentialless-staticblitz.com/blitz.6ba59070.js:31:545047)
      at https://zp1v56uxy8rdx5ypatb0ockcb9tr6a-oci3.w-credentialless-staticblitz.com/blitz.6ba59070.js:31:544797
      at Array.forEach (<anonymous>)
      at _0x1498f5 (https://zp1v56uxy8rdx5ypatb0ockcb9tr6a-oci3.w-credentialless-staticblitz.com/blitz.6ba59070.js:31:544545)

npm manifest: 
  {
    "name": "tanstack-start-example-basic-react-query",
    "private": true,
    "sideEffects": false,
    "type": "module",
    "scripts": {
      "dev": "vinxi dev",
      "build": "vinxi build",
      "start": "vinxi start"
    },
    "dependencies": {
      "@hookform/resolvers": "^5.0.1",
      "@radix-ui/react-accordion": "^1.2.11",
      "@radix-ui/react-aspect-ratio": "^1.1.7",
      "@radix-ui/react-avatar": "^1.1.10",
      "@radix-ui/react-checkbox": "^1.3.2",
      "@radix-ui/react-collapsible": "^1.1.11",
      "@radix-ui/react-context-menu": "^2.2.15",
      "@radix-ui/react-dialog": "^1.1.14",
      "@radix-ui/react-dropdown-menu": "^2.1.15",
      "@radix-ui/react-hover-card": "^1.1.14",
      "@radix-ui/react-label": "^2.1.7",
      "@radix-ui/react-menubar": "^1.1.15",
      "@radix-ui/react-navigation-menu": "^1.2.13",
      "@radix-ui/react-popover": "^1.1.14",
      "@radix-ui/react-progress": "^1.1.7",
      "@radix-ui/react-radio-group": "^1.3.7",
      "@radix-ui/react-scroll-area": "^1.2.9",
      "@radix-ui/react-select": "^2.2.5",
      "@radix-ui/react-separator": "^1.1.7",
      "@radix-ui/react-slider": "^1.3.5",
      "@radix-ui/react-slot": "^1.2.3",
      "@radix-ui/react-switch": "^1.2.5",
      "@radix-ui/react-tabs": "^1.1.12",
      "@radix-ui/react-toggle": "^1.1.9",
      "@radix-ui/react-toggle-group": "^1.1.10",
      "@radix-ui/react-tooltip": "^1.2.7",
      "@tailwindcss/postcss": "^4.1.8",
      "@tanstack/react-query": "^5.66.0",
      "@tanstack/react-query-devtools": "^5.66.0",
      "@tanstack/react-router-devtools": "^1.120.15",
      "@tanstack/react-router-with-query": "^1.120.15",
      "@tanstack/react-start": "^1.120.15",
      "@tanstack/react-table": "^8.21.3",
      "@tanstack/start": "^1.120.15",
      "class-variance-authority": "^0.7.1",
      "clsx": "^2.1.1",
      "cmdk": "^1.1.1",
      "date-fns": "^4.1.0",
      "embla-carousel-react": "^8.0.0",
      "input-otp": "^1.4.2",
      "lucide-react": "^0.513.0",
      "next-themes": "^0.4.6",
      "@tanstack/react-query-devtools": "^5.66.0",
      "@tanstack/react-router": "^1.120.15",
      "@tanstack/react-router-devtools": "^1.120.15",
      "@tanstack/react-router-with-query": "^1.120.15",
      "@tanstack/react-start": "^1.120.15",
      "@tanstack/react-table": "^8.21.3",
      "@tanstack/start": "^1.120.15",
      "class-variance-authority": "^0.7.1",
      "clsx": "^2.1.1",
      "cmdk": "^1.1.1",
      "date-fns": "^4.1.0",
      "input-otp": "^1.4.2",
      "lucide-react": "^0.513.0",
      "next-themes": "^0.4.6",
      "react": "^19.0.0",
      "react-day-picker": "8.10.1",
      "react-dom": "^19.0.0",
      "react-hook-form": "^7.57.0",
      "react-resizable-panels": "^3.0.2",
      "recharts": "^2.15.3",
      "redaxios": "^0.5.1",
      "sonner": "^2.0.5",
      "tailwind-merge": "^3.3.0",
      "tailwindcss-animate": "^1.0.7",
      "vaul": "^1.1.2",
      "vinxi": "0.5.3",
      "react-hook-form": "^7.57.0",
      "use-debounce": "^10.0.0",
      "zod": "^3.25.51"
    },
    "devDependencies": {
      "@types/node": "^22.5.4",
      "@types/react": "^19.0.8",
      "@types/react-dom": "^19.0.3",
      "autoprefixer": "^10.4.20",
      "postcss": "^8.5.4",
      "tailwindcss": "^4.1.8",
      "tw-animate-css": "^1.3.4",
      "typescript": "^5.7.2",
      "vite-tsconfig-paths": "^5.1.4"
    },
    "packageManager": "yarn@4.9.2"
  }

yarn manifest: 
  No manifest

Lockfile: 
  No lockfile
